code/Map/app/build/intermediates/manifest_merge_blame_file/debug/manifest-merger-blame-debug-report.txt
1<?xml version="1.0" encoding="utf-8"?>
2<manifest xmlns:android="http://schemas.android.com/apk/res/android"
3    package="com.example.capston"
4    android:versionCode="1"
5    android:versionName="1.0" >
6
7    <uses-sdk
8        android:minSdkVersion="30"
8-->src/main/AndroidManifest.xml
9        android:targetSdkVersion="33" />
9-->src/main/AndroidManifest.xml
10
11    <uses-permission android:name="android.permission.ACCESS_FINE_LOCATION" />
11-->src/main/AndroidManifest.xml:5:5-79
11-->src/main/AndroidManifest.xml:5:22-76
12    <uses-permission android:name="android.permission.ACCESS_COARSE_LOCATION" />
12-->src/main/AndroidManifest.xml:6:5-81
12-->src/main/AndroidManifest.xml:6:22-78
13    <uses-permission android:name="android.permission.INTERNET" />
13-->src/main/AndroidManifest.xml:7:5-67
13-->src/main/AndroidManifest.xml:7:22-64
14
15    <uses-feature
15-->[com.naver.maps:map-sdk:3.16.0] AndroidManifest.xml:9:5-11:35
16        android:glEsVersion="0x00020000"
16-->[com.naver.maps:map-sdk:3.16.0] AndroidManifest.xml:10:9-41
17        android:required="true" />
17-->[com.naver.maps:map-sdk:3.16.0] AndroidManifest.xml:11:9-32
18    <uses-feature
18-->[com.naver.maps:map-sdk:3.16.0] AndroidManifest.xml:12:5-14:36
19        android:name="android.hardware.wifi"
19-->[com.naver.maps:map-sdk:3.16.0] AndroidManifest.xml:13:9-45
20        android:required="false" />
20-->[com.naver.maps:map-sdk:3.16.0] AndroidManifest.xml:14:9-33
21
22    <uses-permission android:name="android.permission.ACCESS_NETWORK_STATE" />
22-->[com.naver.maps:map-sdk:3.16.0] AndroidManifest.xml:17:5-79
22-->[com.naver.maps:map-sdk:3.16.0] AndroidManifest.xml:17:22-76
23    <uses-permission android:name="android.permission.ACCESS_WIFI_STATE" />
23-->[com.naver.maps:map-sdk:3.16.0] AndroidManifest.xml:18:5-76
23-->[com.naver.maps:map-sdk:3.16.0] AndroidManifest.xml:18:22-73
24
25    <permission
25-->[androidx.core:core:1.9.0] AndroidManifest.xml:22:5-24:47
26        android:name="com.example.capston.DYNAMIC_RECEIVER_NOT_EXPORTED_PERMISSION"
26-->[androidx.core:core:1.9.0] AndroidManifest.xml:23:9-81
27        android:protectionLevel="signature" />
27-->[androidx.core:core:1.9.0] AndroidManifest.xml:24:9-44
28
29    <uses-permission android:name="com.example.capston.DYNAMIC_RECEIVER_NOT_EXPORTED_PERMISSION" />
29-->[androidx.core:core:1.9.0] AndroidManifest.xml:26:5-97
29-->[androidx.core:core:1.9.0] AndroidManifest.xml:26:22-94
30
31    <application
31-->src/main/AndroidManifest.xml:9:5-44:19
32        android:allowBackup="true"
32-->src/main/AndroidManifest.xml:10:9-35
33        android:appComponentFactory="androidx.core.app.CoreComponentFactory"
33-->[androidx.core:core:1.9.0] AndroidManifest.xml:28:18-86
34        android:dataExtractionRules="@xml/data_extraction_rules"
34-->src/main/AndroidManifest.xml:11:9-65
35        android:debuggable="true"
36        android:extractNativeLibs="false"
37        android:fullBackupContent="@xml/backup_rules"
37-->src/main/AndroidManifest.xml:12:9-54
38        android:icon="@mipmap/ic_launcher"
38-->src/main/AndroidManifest.xml:13:9-43
39        android:label="@string/app_name"
39-->src/main/AndroidManifest.xml:14:9-41
40        android:roundIcon="@mipmap/ic_launcher_round"
40-->src/main/AndroidManifest.xml:15:9-54
41        android:supportsRtl="true"
41-->src/main/AndroidManifest.xml:16:9-35
42        android:testOnly="true"
43        android:theme="@style/Theme.Capston" >
43-->src/main/AndroidManifest.xml:17:9-45
44        <activity
44-->src/main/AndroidManifest.xml:19:9-21:40
45            android:name="com.example.capston.SearchWebActivity"
45-->src/main/AndroidManifest.xml:20:13-46
46            android:exported="false" />
46-->src/main/AndroidManifest.xml:21:13-37
47        <activity
47-->src/main/AndroidManifest.xml:22:9-24:40
48            android:name="com.example.capston.SearchActivity"
48-->src/main/AndroidManifest.xml:23:13-43
49            android:exported="false" />
49-->src/main/AndroidManifest.xml:24:13-37
50        <activity
50-->src/main/AndroidManifest.xml:25:9-27:40
51            android:name="com.example.capston.CreateActivity"
51-->src/main/AndroidManifest.xml:26:13-43
52            android:exported="false" />
52-->src/main/AndroidManifest.xml:27:13-37
53        <activity
53-->src/main/AndroidManifest.xml:28:9-36:20
54            android:name="com.example.capston.LoginActivity"
54-->src/main/AndroidManifest.xml:29:13-42
55            android:exported="true" >
55-->src/main/AndroidManifest.xml:30:13-36
56            <intent-filter>
56-->src/main/AndroidManifest.xml:31:13-35:29
57                <action android:name="android.intent.action.MAIN" />
57-->src/main/AndroidManifest.xml:32:17-69
57-->src/main/AndroidManifest.xml:32:25-66
58
59                <category android:name="android.intent.category.LAUNCHER" />
59-->src/main/AndroidManifest.xml:34:17-77
59-->src/main/AndroidManifest.xml:34:27-74
60            </intent-filter>
61        </activity>
62        <activity
62-->src/main/AndroidManifest.xml:37:9-39:39
63            android:name="com.example.capston.MainActivity"
63-->src/main/AndroidManifest.xml:38:13-41
64            android:exported="true" />
64-->src/main/AndroidManifest.xml:39:13-36
65
66        <meta-data
66-->src/main/AndroidManifest.xml:41:9-43:42
67            android:name="com.naver.maps.map.CLIENT_ID"
67-->src/main/AndroidManifest.xml:42:13-56
68            android:value="48lgtnhsi5" />
68-->src/main/AndroidManifest.xml:43:13-39
69
70        <activity
70-->[com.naver.maps:map-sdk:3.16.0] AndroidManifest.xml:21:9-25:51
71            android:name="com.naver.maps.map.app.LegendActivity"
71-->[com.naver.maps:map-sdk:3.16.0] AndroidManifest.xml:22:13-65
72            android:configChanges="screenSize|smallestScreenSize|screenLayout|orientation"
72-->[com.naver.maps:map-sdk:3.16.0] AndroidManifest.xml:23:13-91
73            android:label="@string/navermap_legend"
73-->[com.naver.maps:map-sdk:3.16.0] AndroidManifest.xml:24:13-52
74            android:theme="@style/navermap_app" />
74-->[com.naver.maps:map-sdk:3.16.0] AndroidManifest.xml:25:13-48
75        <activity
75-->[com.naver.maps:map-sdk:3.16.0] AndroidManifest.xml:26:9-30:51
76            android:name="com.naver.maps.map.app.LegalNoticeActivity"
76-->[com.naver.maps:map-sdk:3.16.0] AndroidManifest.xml:27:13-70
77            android:configChanges="screenSize|smallestScreenSize|screenLayout|orientation"
77-->[com.naver.maps:map-sdk:3.16.0] AndroidManifest.xml:28:13-91
78            android:label="@string/navermap_legal_notice"
78-->[com.naver.maps:map-sdk:3.16.0] AndroidManifest.xml:29:13-58
79            android:theme="@style/navermap_app" />
79-->[com.naver.maps:map-sdk:3.16.0] AndroidManifest.xml:30:13-48
80        <activity
80-->[com.naver.maps:map-sdk:3.16.0] AndroidManifest.xml:31:9-35:51
81            android:name="com.naver.maps.map.app.OpenSourceLicenseActivity"
81-->[com.naver.maps:map-sdk:3.16.0] AndroidManifest.xml:32:13-76
82            android:configChanges="screenSize|smallestScreenSize|screenLayout|orientation"
82-->[com.naver.maps:map-sdk:3.16.0] AndroidManifest.xml:33:13-91
83            android:label="@string/navermap_open_source_license"
83-->[com.naver.maps:map-sdk:3.16.0] AndroidManifest.xml:34:13-65
84            android:theme="@style/navermap_app" />
84-->[com.naver.maps:map-sdk:3.16.0] AndroidManifest.xml:35:13-48
85        <activity
85-->[com.google.android.gms:play-services-base:16.0.1] AndroidManifest.xml:23:9-26:75
86            android:name="com.google.android.gms.common.api.GoogleApiActivity"
86-->[com.google.android.gms:play-services-base:16.0.1] AndroidManifest.xml:24:13-79
87            android:exported="false"
87-->[com.google.android.gms:play-services-base:16.0.1] AndroidManifest.xml:25:13-37
88            android:theme="@android:style/Theme.Translucent.NoTitleBar" />
88-->[com.google.android.gms:play-services-base:16.0.1] AndroidManifest.xml:26:13-72
89
90        <meta-data
90-->[com.google.android.gms:play-services-basement:16.0.1] AndroidManifest.xml:23:9-25:69
91            android:name="com.google.android.gms.version"
91-->[com.google.android.gms:play-services-basement:16.0.1] AndroidManifest.xml:24:13-58
92            android:value="@integer/google_play_services_version" />
92-->[com.google.android.gms:play-services-basement:16.0.1] AndroidManifest.xml:25:13-66
93
94        <provider
94-->[androidx.emoji2:emoji2:1.2.0] AndroidManifest.xml:24:9-32:20
95            android:name="androidx.startup.InitializationProvider"
95-->[androidx.emoji2:emoji2:1.2.0] AndroidManifest.xml:25:13-67
96            android:authorities="com.example.capston.androidx-startup"
96-->[androidx.emoji2:emoji2:1.2.0] AndroidManifest.xml:26:13-68
97            android:exported="false" >
97-->[androidx.emoji2:emoji2:1.2.0] AndroidManifest.xml:27:13-37
98            <meta-data
98-->[androidx.emoji2:emoji2:1.2.0] AndroidManifest.xml:29:13-31:52
99                android:name="androidx.emoji2.text.EmojiCompatInitializer"
99-->[androidx.emoji2:emoji2:1.2.0] AndroidManifest.xml:30:17-75
100                android:value="androidx.startup" />
100-->[androidx.emoji2:emoji2:1.2.0] AndroidManifest.xml:31:17-49
101            <meta-data
101-->[androidx.lifecycle:lifecycle-process:2.4.1] AndroidManifest.xml:31:13-33:52
102                android:name="androidx.lifecycle.ProcessLifecycleInitializer"
102-->[androidx.lifecycle:lifecycle-process:2.4.1] AndroidManifest.xml:32:17-78
103                android:value="androidx.startup" />
103-->[androidx.lifecycle:lifecycle-process:2.4.1] AndroidManifest.xml:33:17-49
104        </provider>
105    </application>
106
107</manifest>